<?xml version="1.0" encoding="UTF-8"?>
<!-- Generated by org.testng.reporters.JUnitXMLReporter -->
<testsuite ignored="8" hostname="DESKTOP-4RVHQ5I" failures="0" tests="5" name="Test" time="290.593" errors="0" timestamp="2023-06-08T14:35:50 IST">
  <testcase classname="testclass.ActitimeLoginLogout" name="loginlogout" time="28.525"/>
  <testcase classname="testclass.ActitimeDeleteCustomer" name="Actitimeloginlogout" time="74.082"/>
  <testcase classname="testclass.ActitimeCreateNewTypeOfWork" name="Actitimecreatenewtypeofwork" time="60.315"/>
  <testcase classname="testclass.ActitimeDeleteTypeOfWork" name="Actitimedeletetypeofwork" time="45.059"/>
  <testcase classname="testclass.ActitimeLeaveTypeAndLogout" name="leaveapplay" time="35.804"/>
  <testcase classname="Generic.BaseTest" name="@AfterSuite executionComplete" time="0.0">
    <ignored/>
  </testcase> <!-- @AfterSuite executionComplete -->
  <testcase classname="Generic.BaseTest" name="@BeforeSuite executionStart" time="0.0">
    <ignored/>
  </testcase> <!-- @BeforeSuite executionStart -->
  <testcase classname="Generic.BaseTest" name="@BeforeSuite executionStart" time="0.0">
    <ignored/>
  </testcase> <!-- @BeforeSuite executionStart -->
  <testcase classname="Generic.BaseTest" name="@BeforeSuite executionStart" time="0.0">
    <ignored/>
  </testcase> <!-- @BeforeSuite executionStart -->
  <testcase classname="Generic.BaseTest" name="@AfterSuite executionComplete" time="0.0">
    <ignored/>
  </testcase> <!-- @AfterSuite executionComplete -->
  <testcase classname="Generic.BaseTest" name="@AfterSuite executionComplete" time="0.0">
    <ignored/>
  </testcase> <!-- @AfterSuite executionComplete -->
  <testcase classname="Generic.BaseTest" name="@AfterSuite executionComplete" time="0.0">
    <ignored/>
  </testcase> <!-- @AfterSuite executionComplete -->
  <testcase classname="Generic.BaseTest" name="@BeforeSuite executionStart" time="0.0">
    <ignored/>
  </testcase> <!-- @BeforeSuite executionStart -->
</testsuite> <!-- Test -->
