<?xml version="1.0" encoding="UTF-8"?>
<testng-results ignored="8" total="13" passed="5" failed="0" skipped="0">
  <reporter-output>
    <line>
      <![CDATA[execution started for suite level]]>
    </line>
    <line>
      <![CDATA[Exeuition started in class level]]>
    </line>
    <line>
      <![CDATA[Exeuition started in class level]]>
    </line>
    <line>
      <![CDATA[Exeuition started in class level]]>
    </line>
    <line>
      <![CDATA[Exeuition started in class level]]>
    </line>
    <line>
      <![CDATA[Exeuition started in class level]]>
    </line>
  </reporter-output>
  <suite started-at="2023-06-08T14:30:59 IST" name="Suite" finished-at="2023-06-08T14:35:50 IST" duration-ms="290593">
    <groups>
      <group name="regression">
        <method signature="ActitimeDeleteTypeOfWork.Actitimedeletetypeofwork()[pri:0, instance:testclass.ActitimeDeleteTypeOfWork@323b36e0]" name="Actitimedeletetypeofwork" class="testclass.ActitimeDeleteTypeOfWork"/>
        <method signature="ActitimeLeaveTypeAndLogout.leaveapplay()[pri:0, instance:testclass.ActitimeLeaveTypeAndLogout@44ebcd03]" name="leaveapplay" class="testclass.ActitimeLeaveTypeAndLogout"/>
      </group> <!-- regression -->
      <group name="smoke">
        <method signature="ActitimeCreateNewTypeOfWork.Actitimecreatenewtypeofwork()[pri:0, instance:testclass.ActitimeCreateNewTypeOfWork@5af3afd9]" name="Actitimecreatenewtypeofwork" class="testclass.ActitimeCreateNewTypeOfWork"/>
        <method signature="ActitimeLeaveTypeAndLogout.leaveapplay()[pri:0, instance:testclass.ActitimeLeaveTypeAndLogout@44ebcd03]" name="leaveapplay" class="testclass.ActitimeLeaveTypeAndLogout"/>
      </group> <!-- smoke -->
    </groups>
    <test started-at="2023-06-08T14:30:59 IST" name="Test" finished-at="2023-06-08T14:35:50 IST" duration-ms="290593">
      <class name="testclass.ActitimeCreateNewTypeOfWork">
        <test-method is-config="true" signature="setup()[pri:0, instance:testclass.ActitimeCreateNewTypeOfWork@5af3afd9]" started-at="2023-06-08T14:33:06 IST" name="setup" finished-at="2023-06-08T14:33:13 IST" duration-ms="7704" status="PASS">
          <reporter-output>
            <line>
              <![CDATA[Exeuition started in class level]]>
            </line>
          </reporter-output>
        </test-method> <!-- setup -->
        <test-method signature="Actitimecreatenewtypeofwork()[pri:0, instance:testclass.ActitimeCreateNewTypeOfWork@5af3afd9]" started-at="2023-06-08T14:33:13 IST" name="Actitimecreatenewtypeofwork" finished-at="2023-06-08T14:34:14 IST" duration-ms="60315" status="PASS">
          <reporter-output>
          </reporter-output>
        </test-method> <!-- Actitimecreatenewtypeofwork -->
        <test-method is-config="true" signature="teardown()[pri:0, instance:testclass.ActitimeCreateNewTypeOfWork@5af3afd9]" started-at="2023-06-08T14:34:14 IST" name="teardown" finished-at="2023-06-08T14:34:14 IST" duration-ms="193" status="PASS">
          <reporter-output>
          </reporter-output>
        </test-method> <!-- teardown -->
      </class> <!-- testclass.ActitimeCreateNewTypeOfWork -->
      <class name="testclass.ActitimeLoginLogout">
        <test-method is-config="true" signature="executionStart()[pri:0, instance:testclass.ActitimeLoginLogout@8dbdac1]" started-at="2023-06-08T14:30:59 IST" name="executionStart" finished-at="2023-06-08T14:30:59 IST" duration-ms="9" status="PASS">
          <reporter-output>
            <line>
              <![CDATA[execution started for suite level]]>
            </line>
          </reporter-output>
        </test-method> <!-- executionStart -->
        <test-method is-config="true" signature="setup()[pri:0, instance:testclass.ActitimeLoginLogout@8dbdac1]" started-at="2023-06-08T14:30:59 IST" name="setup" finished-at="2023-06-08T14:31:14 IST" duration-ms="14498" status="PASS">
          <reporter-output>
            <line>
              <![CDATA[Exeuition started in class level]]>
            </line>
          </reporter-output>
        </test-method> <!-- setup -->
        <test-method signature="loginlogout()[pri:0, instance:testclass.ActitimeLoginLogout@8dbdac1]" started-at="2023-06-08T14:31:14 IST" name="loginlogout" finished-at="2023-06-08T14:31:42 IST" duration-ms="28525" status="PASS">
          <reporter-output>
          </reporter-output>
        </test-method> <!-- loginlogout -->
        <test-method is-config="true" signature="teardown()[pri:0, instance:testclass.ActitimeLoginLogout@8dbdac1]" started-at="2023-06-08T14:31:42 IST" name="teardown" finished-at="2023-06-08T14:31:42 IST" duration-ms="199" status="PASS">
          <reporter-output>
          </reporter-output>
        </test-method> <!-- teardown -->
        <test-method is-config="true" signature="executionComplete()[pri:0, instance:testclass.ActitimeLoginLogout@8dbdac1]" started-at="2023-06-08T14:35:50 IST" name="executionComplete" finished-at="2023-06-08T14:35:50 IST" duration-ms="0" status="PASS">
          <reporter-output>
          </reporter-output>
        </test-method> <!-- executionComplete -->
      </class> <!-- testclass.ActitimeLoginLogout -->
      <class name="testclass.ActitimeLeaveTypeAndLogout">
        <test-method is-config="true" signature="setup()[pri:0, instance:testclass.ActitimeLeaveTypeAndLogout@44ebcd03]" started-at="2023-06-08T14:35:06 IST" name="setup" finished-at="2023-06-08T14:35:14 IST" duration-ms="7491" status="PASS">
          <reporter-output>
            <line>
              <![CDATA[Exeuition started in class level]]>
            </line>
          </reporter-output>
        </test-method> <!-- setup -->
        <test-method signature="leaveapplay()[pri:0, instance:testclass.ActitimeLeaveTypeAndLogout@44ebcd03]" started-at="2023-06-08T14:35:14 IST" name="leaveapplay" finished-at="2023-06-08T14:35:50 IST" duration-ms="35804" status="PASS">
          <reporter-output>
          </reporter-output>
        </test-method> <!-- leaveapplay -->
        <test-method is-config="true" signature="teardown()[pri:0, instance:testclass.ActitimeLeaveTypeAndLogout@44ebcd03]" started-at="2023-06-08T14:35:50 IST" name="teardown" finished-at="2023-06-08T14:35:50 IST" duration-ms="180" status="PASS">
          <reporter-output>
          </reporter-output>
        </test-method> <!-- teardown -->
      </class> <!-- testclass.ActitimeLeaveTypeAndLogout -->
      <class name="testclass.ActitimeDeleteTypeOfWork">
        <test-method is-config="true" signature="setup()[pri:0, instance:testclass.ActitimeDeleteTypeOfWork@323b36e0]" started-at="2023-06-08T14:34:14 IST" name="setup" finished-at="2023-06-08T14:34:21 IST" duration-ms="7352" status="PASS">
          <reporter-output>
            <line>
              <![CDATA[Exeuition started in class level]]>
            </line>
          </reporter-output>
        </test-method> <!-- setup -->
        <test-method signature="Actitimedeletetypeofwork()[pri:0, instance:testclass.ActitimeDeleteTypeOfWork@323b36e0]" started-at="2023-06-08T14:34:21 IST" name="Actitimedeletetypeofwork" finished-at="2023-06-08T14:35:06 IST" duration-ms="45059" status="PASS">
          <reporter-output>
          </reporter-output>
        </test-method> <!-- Actitimedeletetypeofwork -->
        <test-method is-config="true" signature="teardown()[pri:0, instance:testclass.ActitimeDeleteTypeOfWork@323b36e0]" started-at="2023-06-08T14:35:06 IST" name="teardown" finished-at="2023-06-08T14:35:06 IST" duration-ms="180" status="PASS">
          <reporter-output>
          </reporter-output>
        </test-method> <!-- teardown -->
      </class> <!-- testclass.ActitimeDeleteTypeOfWork -->
      <class name="testclass.ActitimeDeleteCustomer">
        <test-method is-config="true" signature="setup()[pri:0, instance:testclass.ActitimeDeleteCustomer@3bb9a3ff]" started-at="2023-06-08T14:31:42 IST" name="setup" finished-at="2023-06-08T14:31:51 IST" duration-ms="8802" status="PASS">
          <reporter-output>
            <line>
              <![CDATA[Exeuition started in class level]]>
            </line>
          </reporter-output>
        </test-method> <!-- setup -->
        <test-method signature="Actitimeloginlogout()[pri:0, instance:testclass.ActitimeDeleteCustomer@3bb9a3ff]" started-at="2023-06-08T14:31:51 IST" name="Actitimeloginlogout" finished-at="2023-06-08T14:33:05 IST" duration-ms="74082" status="PASS">
          <reporter-output>
          </reporter-output>
        </test-method> <!-- Actitimeloginlogout -->
        <test-method is-config="true" signature="teardown()[pri:0, instance:testclass.ActitimeDeleteCustomer@3bb9a3ff]" started-at="2023-06-08T14:33:05 IST" name="teardown" finished-at="2023-06-08T14:33:06 IST" duration-ms="182" status="PASS">
          <reporter-output>
          </reporter-output>
        </test-method> <!-- teardown -->
      </class> <!-- testclass.ActitimeDeleteCustomer -->
    </test> <!-- Test -->
  </suite> <!-- Suite -->
</testng-results>
