<?xml version="1.0" encoding="UTF-8"?>
<testng-results ignored="0" total="1" passed="1" failed="0" skipped="0">
  <reporter-output>
    <line>
      <![CDATA[execution started for suite level]]>
    </line>
    <line>
      <![CDATA[Exeuition started in class level]]>
    </line>
  </reporter-output>
  <suite started-at="2023-06-08T15:08:58 IST" name="Default suite" finished-at="2023-06-08T15:09:55 IST" duration-ms="57596">
    <groups>
      <group name="regression">
        <method signature="ActitimeLeaveTypeAndLogout.leaveapplay()[pri:0, instance:testclass.ActitimeLeaveTypeAndLogout@2d1ef81a]" name="leaveapplay" class="testclass.ActitimeLeaveTypeAndLogout"/>
      </group> <!-- regression -->
      <group name="smoke">
        <method signature="ActitimeLeaveTypeAndLogout.leaveapplay()[pri:0, instance:testclass.ActitimeLeaveTypeAndLogout@2d1ef81a]" name="leaveapplay" class="testclass.ActitimeLeaveTypeAndLogout"/>
      </group> <!-- smoke -->
    </groups>
    <test started-at="2023-06-08T15:08:58 IST" name="Default test" finished-at="2023-06-08T15:09:55 IST" duration-ms="57596">
      <class name="testclass.ActitimeLeaveTypeAndLogout">
        <test-method is-config="true" signature="executionStart()[pri:0, instance:testclass.ActitimeLeaveTypeAndLogout@2d1ef81a]" started-at="2023-06-08T15:08:58 IST" name="executionStart" finished-at="2023-06-08T15:08:58 IST" duration-ms="8" status="PASS">
          <reporter-output>
            <line>
              <![CDATA[execution started for suite level]]>
            </line>
          </reporter-output>
        </test-method> <!-- executionStart -->
        <test-method is-config="true" signature="setup()[pri:0, instance:testclass.ActitimeLeaveTypeAndLogout@2d1ef81a]" started-at="2023-06-08T15:08:58 IST" name="setup" finished-at="2023-06-08T15:09:17 IST" duration-ms="19548" status="PASS">
          <reporter-output>
            <line>
              <![CDATA[Exeuition started in class level]]>
            </line>
          </reporter-output>
        </test-method> <!-- setup -->
        <test-method signature="leaveapplay()[pri:0, instance:testclass.ActitimeLeaveTypeAndLogout@2d1ef81a]" started-at="2023-06-08T15:09:17 IST" name="leaveapplay" finished-at="2023-06-08T15:09:55 IST" duration-ms="37830" status="PASS">
          <reporter-output>
          </reporter-output>
        </test-method> <!-- leaveapplay -->
        <test-method is-config="true" signature="teardown()[pri:0, instance:testclass.ActitimeLeaveTypeAndLogout@2d1ef81a]" started-at="2023-06-08T15:09:55 IST" name="teardown" finished-at="2023-06-08T15:09:55 IST" duration-ms="187" status="PASS">
          <reporter-output>
          </reporter-output>
        </test-method> <!-- teardown -->
        <test-method is-config="true" signature="executionComplete()[pri:0, instance:testclass.ActitimeLeaveTypeAndLogout@2d1ef81a]" started-at="2023-06-08T15:09:55 IST" name="executionComplete" finished-at="2023-06-08T15:09:55 IST" duration-ms="0" status="PASS">
          <reporter-output>
          </reporter-output>
        </test-method> <!-- executionComplete -->
      </class> <!-- testclass.ActitimeLeaveTypeAndLogout -->
    </test> <!-- Default test -->
  </suite> <!-- Default suite -->
</testng-results>
